<?xml version="1.0" encoding="UTF-8"?>
<!-- Generated by org.testng.reporters.JUnitReportReporter -->
<testsuite hostname="DESKTOP-Q6BQMCF" failures="0" tests="1" name="pagesTest.HomePageTest" time="42.910" errors="0" timestamp="2024-08-11T20:45:06 EDT" skipped="0">
  <testcase classname="pagesTest.HomePageTest" name="clickLoginButtonTest" time="42.910">
    <system-out>
      <![CDATA[[[ChromeDriver: chrome on windows (e3ef7042011ac36857714cfb73fe73f1)] -> xpath: //a[text()='Login']]<---------> is Displayed, true<br>
Sleeping ... zZz 4000<br>
[[ChromeDriver: chrome on windows (e3ef7042011ac36857714cfb73fe73f1)] -> xpath: //input[@name='username']]<---------> is Displayed, true<br>
shhnzaktr@gmail.com <-----> has been put into <-----> [[ChromeDriver: chrome on windows (e3ef7042011ac36857714cfb73fe73f1)] -> xpath: //input[@name='username']]<br>
[[ChromeDriver: chrome on windows (e3ef7042011ac36857714cfb73fe73f1)] -> xpath: //input[@name='password']]<---------> is Displayed, true<br>
Allah@12 <-----> has been put into <-----> [[ChromeDriver: chrome on windows (e3ef7042011ac36857714cfb73fe73f1)] -> xpath: //input[@name='password']]<br>
[[ChromeDriver: chrome on windows (e3ef7042011ac36857714cfb73fe73f1)] -> css selector: input.btn.btn-lg.px-5]<---------> is Enabled, true<br>
Proxy element for: DefaultElementLocator 'By.cssSelector: input.btn.btn-lg.px-5'<-------> has been clicked<br>
Sleeping ... zZz 4000<br>]]>
    </system-out>
  </testcase> <!-- clickLoginButtonTest -->
  <system-out>
    <![CDATA[[[ChromeDriver: chrome on windows (e3ef7042011ac36857714cfb73fe73f1)] -> xpath: //a[text()='Login']]<---------> is Displayed, true<br>
Sleeping ... zZz 4000<br>
[[ChromeDriver: chrome on windows (e3ef7042011ac36857714cfb73fe73f1)] -> xpath: //input[@name='username']]<---------> is Displayed, true<br>
shhnzaktr@gmail.com <-----> has been put into <-----> [[ChromeDriver: chrome on windows (e3ef7042011ac36857714cfb73fe73f1)] -> xpath: //input[@name='username']]<br>
[[ChromeDriver: chrome on windows (e3ef7042011ac36857714cfb73fe73f1)] -> xpath: //input[@name='password']]<---------> is Displayed, true<br>
Allah@12 <-----> has been put into <-----> [[ChromeDriver: chrome on windows (e3ef7042011ac36857714cfb73fe73f1)] -> xpath: //input[@name='password']]<br>
[[ChromeDriver: chrome on windows (e3ef7042011ac36857714cfb73fe73f1)] -> css selector: input.btn.btn-lg.px-5]<---------> is Enabled, true<br>
Proxy element for: DefaultElementLocator 'By.cssSelector: input.btn.btn-lg.px-5'<-------> has been clicked<br>
Sleeping ... zZz 4000<br>]]>
  </system-out>
</testsuite> <!-- pagesTest.HomePageTest -->
